<?xml version="1.0" encoding="UTF-8"?>
<!-- Generated by org.testng.reporters.JUnitXMLReporter -->
<testsuite hostname="SUNNY-PC" name="Test" tests="1" failures="0" timestamp="1 Aug 2016 09:24:07 GMT" time="47.575" errors="0">
  <testcase name="@BeforeClass OpenBrowser" time="0.0" classname="TestWg.test">
    <failure type="org.openqa.selenium.WebDriverException" message="Failed to connect to binary FirefoxBinary(C:\Program Files\Mozilla Firefox\firefox.exe) on port 7055; process output follows: 
1&amp;quot;,&amp;quot;type&amp;quot;:&amp;quot;theme&amp;quot;,&amp;quot;internalName&amp;quot;:&amp;quot;classic/1.0&amp;quot;,&amp;quot;updateURL&amp;quot;:null,&amp;quot;updateKey&amp;quot;:null,&amp;quot;optionsURL&amp;quot;:null,&amp;quot;optionsType&amp;quot;:null,&amp;quot;aboutURL&amp;quot;:null,&amp;quot;icons&amp;quot;:{&amp;quot;32&amp;quot;:&amp;quot;icon.png&amp;quot;,&amp;quot;48&amp;quot;:&amp;quot;icon.png&amp;quot;},&amp;quot;iconURL&amp;quot;:null,&amp;quot;icon64URL&amp;quot;:null,&amp;quot;defaultLocale&amp;quot;:{&amp;quot;name&amp;quot;:&amp;quot;Default&amp;quot;,&amp;quot;description&amp;quot;:&amp;quot;The default theme.&amp;quot;,&amp;quot;creator&amp;quot;:&amp;quot;Mozilla&amp;quot;,&amp;quot;homepageURL&amp;quot;:null,&amp;quot;contributors&amp;quot;:[&amp;quot;Mozilla Contributors&amp;quot;]},&amp;quot;visible&amp;quot;:true,&amp;quot;active&amp;quot;:true,&amp;quot;userDisabled&amp;quot;:false,&amp;quot;appDisabled&amp;quot;:false,&amp;quot;descriptor&amp;quot;:&amp;quot;C:\\Program Files\\Mozilla Firefox\\browser\\extensions\\{972ce4c6-7e08-4474-a285-3208198ce6fd}.xpi&amp;quot;,&amp;quot;installDate&amp;quot;:1466734942000,&amp;quot;updateDate&amp;quot;:1466734942000,&amp;quot;applyBackgroundUpdates&amp;quot;:1,&amp;quot;skinnable&amp;quot;:true,&amp;quot;size&amp;quot;:22012,&amp;quot;sourceURI&amp;quot;:null,&amp;quot;releaseNotesURI&amp;quot;:null,&amp;quot;softDisabled&amp;quot;:false,&amp;quot;foreignInstall&amp;quot;:false,&amp;quot;hasBinaryComponents&amp;quot;:false,&amp;quot;strictCompatibility&amp;quot;:true,&amp;quot;locales&amp;quot;:[],&amp;quot;targetApplications&amp;quot;:[{&amp;quot;id&amp;quot;:&amp;quot;{ec8030f7-c20a-464f-9b0e-13a3a9e97384}&amp;quot;,&amp;quot;minVersion&amp;quot;:&amp;quot;47.0.1&amp;quot;,&amp;quot;maxVersion&amp;quot;:&amp;quot;47.0.1&amp;quot;}],&amp;quot;targetPlatforms&amp;quot;:[],&amp;quot;seen&amp;quot;:true}
1470043401572	addons.xpi	DEBUG	getModTime: Recursive scan of {972ce4c6-7e08-4474-a285-3208198ce6fd}
1470043401574	DeferredSave.extensions.json	DEBUG	Save changes
1470043401574	addons.xpi	DEBUG	Updating database with changes to installed add-ons
1470043401574	addons.xpi-utils	DEBUG	Updating add-on states
1470043401575	addons.xpi-utils	DEBUG	Writing add-ons list
1470043401579	addons.xpi	DEBUG	Registering manifest for C:\Program Files\Mozilla Firefox\browser\features\e10srollout@mozilla.org.xpi
1470043401580	addons.xpi	DEBUG	Calling bootstrap method startup on e10srollout@mozilla.org version 1.0
1470043401580	addons.xpi	DEBUG	Registering manifest for C:\Program Files\Mozilla Firefox\browser\features\firefox@getpocket.com.xpi
1470043401581	addons.xpi	DEBUG	Calling bootstrap method startup on firefox@getpocket.com version 1.0.2
1470043401582	addons.xpi	DEBUG	Registering manifest for C:\Program Files\Mozilla Firefox\browser\features\loop@mozilla.org.xpi
1470043401583	addons.xpi	DEBUG	Calling bootstrap method startup on loop@mozilla.org version 1.3.2
1470043401609	addons.manager	DEBUG	Registering shutdown blocker for XPIProvider
1470043401609	addons.manager	DEBUG	Provider finished startup: XPIProvider
1470043401609	addons.manager	DEBUG	Starting provider: LightweightThemeManager
1470043401609	addons.manager	DEBUG	Registering shutdown blocker for LightweightThemeManager
1470043401609	addons.manager	DEBUG	Provider finished startup: LightweightThemeManager
1470043401610	addons.manager	DEBUG	Starting provider: GMPProvider
1470043401618	addons.manager	DEBUG	Registering shutdown blocker for GMPProvider
1470043401618	addons.manager	DEBUG	Provider finished startup: GMPProvider
1470043401618	addons.manager	DEBUG	Starting provider: PluginProvider
1470043401618	addons.manager	DEBUG	Registering shutdown blocker for PluginProvider
1470043401619	addons.manager	DEBUG	Provider finished startup: PluginProvider
1470043401619	addons.manager	DEBUG	Completed startup sequence
[GFX1]: Potential driver version mismatch ignored due to missing DLLs 0.0.0.0 and 0.0.0.0
1470043403469	addons.manager	DEBUG	Starting provider: &amp;lt;unnamed-provider&amp;gt;
1470043403470	addons.manager	DEBUG	Registering shutdown blocker for &amp;lt;unnamed-provider&amp;gt;
1470043403470	addons.manager	DEBUG	Provider finished startup: &amp;lt;unnamed-provider&amp;gt;
1470043403472	DeferredSave.extensions.json	DEBUG	Starting write
1470043403769	addons.repository	DEBUG	No addons.json found.
1470043403770	DeferredSave.addons.json	DEBUG	Save changes
1470043403775	DeferredSave.addons.json	DEBUG	Starting timer
1470043403823	addons.manager	DEBUG	Starting provider: PreviousExperimentProvider
1470043403823	addons.manager	DEBUG	Registering shutdown blocker for PreviousExperimentProvider
1470043403824	addons.manager	DEBUG	Provider finished startup: PreviousExperimentProvider
1470043403827	DeferredSave.extensions.json	DEBUG	Write succeeded
1470043403828	addons.xpi-utils	DEBUG	XPI Database saved, setting schema version preference to 17
1470043403831	DeferredSave.addons.json	DEBUG	Starting write
1470043403866	DeferredSave.addons.json	DEBUG	Write succeeded

Build info: version: &amp;apos;2.48.2&amp;apos;, revision: &amp;apos;41bccdd&amp;apos;, time: &amp;apos;2015-10-09 19:59:12&amp;apos;
System info: host: &amp;apos;SUNNY-PC&amp;apos;, ip: &amp;apos;192.168.1.3&amp;apos;, os.name: &amp;apos;Windows 7&amp;apos;, os.arch: &amp;apos;x86&amp;apos;, os.version: &amp;apos;6.1&amp;apos;, java.version: &amp;apos;1.8.0_91&amp;apos;
Driver info: driver.version: FirefoxDriver">
      <![CDATA[org.openqa.selenium.WebDriverException: Failed to connect to binary FirefoxBinary(C:\Program Files\Mozilla Firefox\firefox.exe) on port 7055; process output follows: 
1","type":"theme","internalName":"classic/1.0","updateURL":null,"updateKey":null,"optionsURL":null,"optionsType":null,"aboutURL":null,"icons":{"32":"icon.png","48":"icon.png"},"iconURL":null,"icon64URL":null,"defaultLocale":{"name":"Default","description":"The default theme.","creator":"Mozilla","homepageURL":null,"contributors":["Mozilla Contributors"]},"visible":true,"active":true,"userDisabled":false,"appDisabled":false,"descriptor":"C:\\Program Files\\Mozilla Firefox\\browser\\extensions\\{972ce4c6-7e08-4474-a285-3208198ce6fd}.xpi","installDate":1466734942000,"updateDate":1466734942000,"applyBackgroundUpdates":1,"skinnable":true,"size":22012,"sourceURI":null,"releaseNotesURI":null,"softDisabled":false,"foreignInstall":false,"hasBinaryComponents":false,"strictCompatibility":true,"locales":[],"targetApplications":[{"id":"{ec8030f7-c20a-464f-9b0e-13a3a9e97384}","minVersion":"47.0.1","maxVersion":"47.0.1"}],"targetPlatforms":[],"seen":true}
1470043401572	addons.xpi	DEBUG	getModTime: Recursive scan of {972ce4c6-7e08-4474-a285-3208198ce6fd}
1470043401574	DeferredSave.extensions.json	DEBUG	Save changes
1470043401574	addons.xpi	DEBUG	Updating database with changes to installed add-ons
1470043401574	addons.xpi-utils	DEBUG	Updating add-on states
1470043401575	addons.xpi-utils	DEBUG	Writing add-ons list
1470043401579	addons.xpi	DEBUG	Registering manifest for C:\Program Files\Mozilla Firefox\browser\features\e10srollout@mozilla.org.xpi
1470043401580	addons.xpi	DEBUG	Calling bootstrap method startup on e10srollout@mozilla.org version 1.0
1470043401580	addons.xpi	DEBUG	Registering manifest for C:\Program Files\Mozilla Firefox\browser\features\firefox@getpocket.com.xpi
1470043401581	addons.xpi	DEBUG	Calling bootstrap method startup on firefox@getpocket.com version 1.0.2
1470043401582	addons.xpi	DEBUG	Registering manifest for C:\Program Files\Mozilla Firefox\browser\features\loop@mozilla.org.xpi
1470043401583	addons.xpi	DEBUG	Calling bootstrap method startup on loop@mozilla.org version 1.3.2
1470043401609	addons.manager	DEBUG	Registering shutdown blocker for XPIProvider
1470043401609	addons.manager	DEBUG	Provider finished startup: XPIProvider
1470043401609	addons.manager	DEBUG	Starting provider: LightweightThemeManager
1470043401609	addons.manager	DEBUG	Registering shutdown blocker for LightweightThemeManager
1470043401609	addons.manager	DEBUG	Provider finished startup: LightweightThemeManager
1470043401610	addons.manager	DEBUG	Starting provider: GMPProvider
1470043401618	addons.manager	DEBUG	Registering shutdown blocker for GMPProvider
1470043401618	addons.manager	DEBUG	Provider finished startup: GMPProvider
1470043401618	addons.manager	DEBUG	Starting provider: PluginProvider
1470043401618	addons.manager	DEBUG	Registering shutdown blocker for PluginProvider
1470043401619	addons.manager	DEBUG	Provider finished startup: PluginProvider
1470043401619	addons.manager	DEBUG	Completed startup sequence
[GFX1]: Potential driver version mismatch ignored due to missing DLLs 0.0.0.0 and 0.0.0.0
1470043403469	addons.manager	DEBUG	Starting provider: <unnamed-provider>
1470043403470	addons.manager	DEBUG	Registering shutdown blocker for <unnamed-provider>
1470043403470	addons.manager	DEBUG	Provider finished startup: <unnamed-provider>
1470043403472	DeferredSave.extensions.json	DEBUG	Starting write
1470043403769	addons.repository	DEBUG	No addons.json found.
1470043403770	DeferredSave.addons.json	DEBUG	Save changes
1470043403775	DeferredSave.addons.json	DEBUG	Starting timer
1470043403823	addons.manager	DEBUG	Starting provider: PreviousExperimentProvider
1470043403823	addons.manager	DEBUG	Registering shutdown blocker for PreviousExperimentProvider
1470043403824	addons.manager	DEBUG	Provider finished startup: PreviousExperimentProvider
1470043403827	DeferredSave.extensions.json	DEBUG	Write succeeded
1470043403828	addons.xpi-utils	DEBUG	XPI Database saved, setting schema version preference to 17
1470043403831	DeferredSave.addons.json	DEBUG	Starting write
1470043403866	DeferredSave.addons.json	DEBUG	Write succeeded

Build info: version: '2.48.2', revision: '41bccdd', time: '2015-10-09 19:59:12'
System info: host: 'SUNNY-PC', ip: '192.168.1.3', os.name: 'Windows 7', os.arch: 'x86', os.version: '6.1', java.version: '1.8.0_91'
Driver info: driver.version: FirefoxDriver
	at org.openqa.selenium.firefox.internal.NewProfileExtensionConnection.start(NewProfileExtensionConnection.java:134)
	at org.openqa.selenium.firefox.FirefoxDriver.startClient(FirefoxDriver.java:271)
	at org.openqa.selenium.remote.RemoteWebDriver.<init>(RemoteWebDriver.java:117)
	at org.openqa.selenium.firefox.FirefoxDriver.<init>(FirefoxDriver.java:218)
	at org.openqa.selenium.firefox.FirefoxDriver.<init>(FirefoxDriver.java:211)
	at org.openqa.selenium.firefox.FirefoxDriver.<init>(FirefoxDriver.java:207)
	at org.openqa.selenium.firefox.FirefoxDriver.<init>(FirefoxDriver.java:120)
	at core.openAndCloseBrowser.OpenBrowser(openAndCloseBrowser.java:50)
Caused by: org.openqa.selenium.firefox.NotConnectedException: Unable to connect to host 127.0.0.1 on port 7055 after 45000 ms. Firefox console output:
1","type":"theme","internalName":"classic/1.0","updateURL":null,"updateKey":null,"optionsURL":null,"optionsType":null,"aboutURL":null,"icons":{"32":"icon.png","48":"icon.png"},"iconURL":null,"icon64URL":null,"defaultLocale":{"name":"Default","description":"The default theme.","creator":"Mozilla","homepageURL":null,"contributors":["Mozilla Contributors"]},"visible":true,"active":true,"userDisabled":false,"appDisabled":false,"descriptor":"C:\\Program Files\\Mozilla Firefox\\browser\\extensions\\{972ce4c6-7e08-4474-a285-3208198ce6fd}.xpi","installDate":1466734942000,"updateDate":1466734942000,"applyBackgroundUpdates":1,"skinnable":true,"size":22012,"sourceURI":null,"releaseNotesURI":null,"softDisabled":false,"foreignInstall":false,"hasBinaryComponents":false,"strictCompatibility":true,"locales":[],"targetApplications":[{"id":"{ec8030f7-c20a-464f-9b0e-13a3a9e97384}","minVersion":"47.0.1","maxVersion":"47.0.1"}],"targetPlatforms":[],"seen":true}
1470043401572	addons.xpi	DEBUG	getModTime: Recursive scan of {972ce4c6-7e08-4474-a285-3208198ce6fd}
1470043401574	DeferredSave.extensions.json	DEBUG	Save changes
1470043401574	addons.xpi	DEBUG	Updating database with changes to installed add-ons
1470043401574	addons.xpi-utils	DEBUG	Updating add-on states
1470043401575	addons.xpi-utils	DEBUG	Writing add-ons list
1470043401579	addons.xpi	DEBUG	Registering manifest for C:\Program Files\Mozilla Firefox\browser\features\e10srollout@mozilla.org.xpi
1470043401580	addons.xpi	DEBUG	Calling bootstrap method startup on e10srollout@mozilla.org version 1.0
1470043401580	addons.xpi	DEBUG	Registering manifest for C:\Program Files\Mozilla Firefox\browser\features\firefox@getpocket.com.xpi
1470043401581	addons.xpi	DEBUG	Calling bootstrap method startup on firefox@getpocket.com version 1.0.2
1470043401582	addons.xpi	DEBUG	Registering manifest for C:\Program Files\Mozilla Firefox\browser\features\loop@mozilla.org.xpi
1470043401583	addons.xpi	DEBUG	Calling bootstrap method startup on loop@mozilla.org version 1.3.2
1470043401609	addons.manager	DEBUG	Registering shutdown blocker for XPIProvider
1470043401609	addons.manager	DEBUG	Provider finished startup: XPIProvider
1470043401609	addons.manager	DEBUG	Starting provider: LightweightThemeManager
1470043401609	addons.manager	DEBUG	Registering shutdown blocker for LightweightThemeManager
1470043401609	addons.manager	DEBUG	Provider finished startup: LightweightThemeManager
1470043401610	addons.manager	DEBUG	Starting provider: GMPProvider
1470043401618	addons.manager	DEBUG	Registering shutdown blocker for GMPProvider
1470043401618	addons.manager	DEBUG	Provider finished startup: GMPProvider
1470043401618	addons.manager	DEBUG	Starting provider: PluginProvider
1470043401618	addons.manager	DEBUG	Registering shutdown blocker for PluginProvider
1470043401619	addons.manager	DEBUG	Provider finished startup: PluginProvider
1470043401619	addons.manager	DEBUG	Completed startup sequence
[GFX1]: Potential driver version mismatch ignored due to missing DLLs 0.0.0.0 and 0.0.0.0
1470043403469	addons.manager	DEBUG	Starting provider: <unnamed-provider>
1470043403470	addons.manager	DEBUG	Registering shutdown blocker for <unnamed-provider>
1470043403470	addons.manager	DEBUG	Provider finished startup: <unnamed-provider>
1470043403472	DeferredSave.extensions.json	DEBUG	Starting write
1470043403769	addons.repository	DEBUG	No addons.json found.
1470043403770	DeferredSave.addons.json	DEBUG	Save changes
1470043403775	DeferredSave.addons.json	DEBUG	Starting timer
1470043403823	addons.manager	DEBUG	Starting provider: PreviousExperimentProvider
1470043403823	addons.manager	DEBUG	Registering shutdown blocker for PreviousExperimentProvider
1470043403824	addons.manager	DEBUG	Provider finished startup: PreviousExperimentProvider
1470043403827	DeferredSave.extensions.json	DEBUG	Write succeeded
1470043403828	addons.xpi-utils	DEBUG	XPI Database saved, setting schema version preference to 17
1470043403831	DeferredSave.addons.json	DEBUG	Starting write
1470043403866	DeferredSave.addons.json	DEBUG	Write succeeded

	at org.openqa.selenium.firefox.internal.NewProfileExtensionConnection.start(NewProfileExtensionConnection.java:122)
	... 31 more
... Removed 24 stack frames]]>
    </failure>
  </testcase> <!-- @BeforeClass OpenBrowser -->
  <testcase name="@AfterClass teardown" time="0.0" classname="TestWg.test">
    <skipped/>
  </testcase> <!-- @AfterClass teardown -->
  <testcase name="clickButtonFeelingLucky" time="0.0" classname="TestWg.test">
    <skipped/>
  </testcase> <!-- clickButtonFeelingLucky -->
</testsuite> <!-- Test -->
