<?xml version="1.0" encoding="UTF-8"?>
<testng-results skipped="0" failed="0" total="1" passed="1">
  <reporter-output>
  </reporter-output>
  <suite name="Suite" duration-ms="21163" started-at="2016-08-14T12:18:41Z" finished-at="2016-08-14T12:19:03Z">
    <groups>
    </groups>
    <test name="Test" duration-ms="21163" started-at="2016-08-14T12:18:41Z" finished-at="2016-08-14T12:19:03Z">
      <class name="TestWg.test">
        <test-method status="PASS" signature="OpenBrowser(java.lang.String, java.lang.String, java.lang.String, java.lang.String)[pri:0, instance:TestWg.test@2c22f3]" name="OpenBrowser" is-config="true" duration-ms="7797" started-at="2016-08-14T17:48:42Z" finished-at="2016-08-14T17:48:49Z">
          <params>
            <param index="0">
              <value>
                <![CDATA[chrome]]>
              </value>
            </param>
            <param index="1">
              <value>
                <![CDATA[https://www.google.co.in/]]>
              </value>
            </param>
            <param index="2">
              <value>
                <![CDATA[false]]>
              </value>
            </param>
            <param index="3">
              <value>
                <![CDATA[52.0]]>
              </value>
            </param>
          </params>
          <reporter-output>
          </reporter-output>
        </test-method> <!-- OpenBrowser -->
        <test-method status="PASS" signature="clickButtonFeelingLucky()[pri:0, instance:TestWg.test@2c22f3]" name="clickButtonFeelingLucky" duration-ms="9548" started-at="2016-08-14T17:48:49Z" finished-at="2016-08-14T17:48:59Z">
          <reporter-output>
          </reporter-output>
        </test-method> <!-- clickButtonFeelingLucky -->
        <test-method status="PASS" signature="teardown()[pri:0, instance:TestWg.test@2c22f3]" name="teardown" is-config="true" duration-ms="3703" started-at="2016-08-14T17:48:59Z" finished-at="2016-08-14T17:49:03Z">
          <reporter-output>
          </reporter-output>
        </test-method> <!-- teardown -->
      </class> <!-- TestWg.test -->
    </test> <!-- Test -->
  </suite> <!-- Suite -->
</testng-results>
