<?xml version="1.0" encoding="UTF-8"?>
<testng-results skipped="1" failed="0" total="1" passed="0">
  <reporter-output>
  </reporter-output>
  <suite name="Default suite" duration-ms="110" started-at="2016-08-01T13:09:23Z" finished-at="2016-08-01T13:09:24Z">
    <groups>
    </groups>
    <test name="Default test" duration-ms="110" started-at="2016-08-01T13:09:23Z" finished-at="2016-08-01T13:09:24Z">
      <class name="TestWg.test">
        <test-method status="FAIL" signature="OpenBrowser(java.lang.String, java.lang.String, java.lang.String, java.lang.String)[pri:0, instance:TestWg.test@1bc39f8]" name="OpenBrowser" is-config="true" duration-ms="0" started-at="2016-08-01T18:39:23Z" finished-at="2016-08-01T18:39:23Z">
          <exception class="org.testng.TestNGException">
            <message>
              <![CDATA[
Parameter 'browser' is required by @Configuration on method OpenBrowser but has not been marked @Optional or defined
in C:\Users\SUNNY\AppData\Local\Temp\testng-eclipse-1092317675\testng-customsuite.xml]]>
            </message>
            <full-stacktrace>
              <![CDATA[org.testng.TestNGException: 
Parameter 'browser' is required by @Configuration on method OpenBrowser but has not been marked @Optional or defined
in C:\Users\SUNNY\AppData\Local\Temp\testng-eclipse-1092317675\testng-customsuite.xml
	at org.testng.internal.Parameters.createParameters(Parameters.java:148)
	at org.testng.internal.Parameters.createParameters(Parameters.java:361)
	at org.testng.internal.Parameters.createConfigurationParameters(Parameters.java:84)
	at org.testng.internal.Invoker.invokeConfigurations(Invoker.java:197)
	at org.testng.internal.Invoker.invokeConfigurations(Invoker.java:138)
	at org.testng.internal.TestMethodWorker.invokeBeforeClassMethods(TestMethodWorker.java:170)
	at org.testng.internal.TestMethodWorker.run(TestMethodWorker.java:104)
	at org.testng.TestRunner.privateRun(TestRunner.java:773)
	at org.testng.TestRunner.run(TestRunner.java:623)
	at org.testng.SuiteRunner.runTest(SuiteRunner.java:357)
	at org.testng.SuiteRunner.runSequentially(SuiteRunner.java:352)
	at org.testng.SuiteRunner.privateRun(SuiteRunner.java:310)
	at org.testng.SuiteRunner.run(SuiteRunner.java:259)
	at org.testng.SuiteRunnerWorker.runSuite(SuiteRunnerWorker.java:52)
	at org.testng.SuiteRunnerWorker.run(SuiteRunnerWorker.java:86)
	at org.testng.TestNG.runSuitesSequentially(TestNG.java:1185)
	at org.testng.TestNG.runSuitesLocally(TestNG.java:1110)
	at org.testng.TestNG.run(TestNG.java:1018)
	at org.testng.remote.RemoteTestNG.run(RemoteTestNG.java:111)
	at org.testng.remote.RemoteTestNG.initAndRun(RemoteTestNG.java:204)
	at org.testng.remote.RemoteTestNG.main(RemoteTestNG.java:175)
]]>
            </full-stacktrace>
          </exception> <!-- org.testng.TestNGException -->
          <reporter-output>
          </reporter-output>
        </test-method> <!-- OpenBrowser -->
        <test-method status="SKIP" signature="clickButtonFeelingLucky()[pri:0, instance:TestWg.test@1bc39f8]" name="clickButtonFeelingLucky" duration-ms="17" started-at="2016-08-01T18:39:24Z" finished-at="2016-08-01T18:39:24Z">
          <reporter-output>
          </reporter-output>
        </test-method> <!-- clickButtonFeelingLucky -->
        <test-method status="SKIP" signature="teardown()[pri:0, instance:TestWg.test@1bc39f8]" name="teardown" is-config="true" duration-ms="0" started-at="2016-08-01T18:39:24Z" finished-at="2016-08-01T18:39:24Z">
          <reporter-output>
          </reporter-output>
        </test-method> <!-- teardown -->
      </class> <!-- TestWg.test -->
    </test> <!-- Default test -->
  </suite> <!-- Default suite -->
</testng-results>
